<?xml version="1.0" encoding="UTF-8"?>
<testsuite name="PasswordCheckerTest" tests="1" skipped="0" failures="0" errors="0" timestamp="2020-01-22T07:17:35" hostname="Quaver" time="0.019">
  <properties/>
  <testcase name="passwordIsValid()" classname="PasswordCheckerTest" time="0.019"/>
  <system-out><![CDATA[your password is valid
your password is valid
]]></system-out>
  <system-err><![CDATA[]]></system-err>
</testsuite>
