<?xml version="1.0" encoding="UTF-8"?>
<testsuite name="PasswordCheckerTest" tests="1" skipped="0" failures="0" errors="0" timestamp="2020-01-16T06:49:56" hostname="Quaver" time="0.019">
  <properties/>
  <testcase name="passwordIsOk()" classname="PasswordCheckerTest" time="0.019"/>
  <system-out><![CDATA[2 conditions passed + upperCase
2 conditions passed + upperCase
]]></system-out>
  <system-err><![CDATA[]]></system-err>
</testsuite>
